2023-01-04 08:34:28 INFO  EpicenterTest:23 - Текст информации
2023-01-04 08:34:28 WARN  EpicenterTest:24 - error
2023-01-04 08:40:56 INFO  EpicenterTest:23 - Текст информации
2023-01-04 08:40:56 WARN  EpicenterTest:24 - error
2023-01-04 08:42:52 INFO  EpicenterTest:23 - ????? ??????????
2023-01-04 08:42:52 WARN  EpicenterTest:24 - error
2023-01-04 08:43:22 WARN  EpicenterTest:43 - warning
2023-01-04 08:44:03 ERROR EpicenterTest:79 - error
2023-01-04 08:46:06 INFO  EpicenterTest:126 - info
2023-01-04 08:46:08 INFO  EpicenterTest:126 - info
2023-01-04 08:46:11 INFO  EpicenterTest:126 - info
2023-01-04 08:46:13 INFO  EpicenterTest:126 - info
2023-01-04 08:46:15 INFO  EpicenterTest:126 - info
2023-01-04 09:00:47 INFO  EpicenterTest:126 - info
2023-01-04 09:00:52 INFO  EpicenterTest:126 - info
2023-01-04 09:00:56 INFO  EpicenterTest:126 - info
2023-01-04 09:00:59 INFO  EpicenterTest:126 - info
2023-01-04 09:01:02 INFO  EpicenterTest:126 - info
2023-01-04 09:02:24 INFO  EpicenterTest:126 - info
2023-01-04 09:02:28 INFO  EpicenterTest:126 - info
2023-01-04 09:02:32 INFO  EpicenterTest:126 - info
2023-01-04 09:02:36 INFO  EpicenterTest:126 - info
2023-01-04 09:02:39 INFO  EpicenterTest:126 - info
2023-01-04 09:08:41 INFO  EpicenterTest:126 - info
2023-01-04 09:08:45 INFO  EpicenterTest:126 - info
2023-01-04 09:08:51 INFO  EpicenterTest:126 - info
2023-01-04 09:08:54 INFO  EpicenterTest:126 - info
2023-01-04 09:08:57 INFO  EpicenterTest:126 - info
2023-01-04 09:15:15 INFO  EpicenterTest:126 - info
2023-01-04 09:15:18 INFO  EpicenterTest:126 - info
2023-01-04 09:15:20 INFO  EpicenterTest:126 - info
2023-01-04 09:15:23 INFO  EpicenterTest:126 - info
2023-01-04 09:15:26 INFO  EpicenterTest:126 - info
2023-01-04 09:18:11 INFO  EpicenterTest:23 - ????? ??????????
2023-01-04 09:18:11 WARN  EpicenterTest:24 - error
2023-01-04 09:19:25 WARN  EpicenterTest:43 - warning
2023-01-04 09:20:15 ERROR EpicenterTest:79 - error
2023-01-04 09:21:14 INFO  EpicenterTest:126 - info
2023-01-04 09:21:17 INFO  EpicenterTest:126 - info
2023-01-04 09:21:19 INFO  EpicenterTest:126 - info
2023-01-04 09:21:22 INFO  EpicenterTest:126 - info
2023-01-04 09:21:25 INFO  EpicenterTest:126 - info
2023-01-04 09:29:25 INFO  EpicenterTest:23 - Текст информации
2023-01-04 09:29:25 WARN  EpicenterTest:24 - error
2023-01-04 09:33:02 INFO  EpicenterTest:126 - info
2023-01-04 09:33:04 INFO  EpicenterTest:126 - info
2023-01-04 09:33:07 INFO  EpicenterTest:126 - info
2023-01-04 09:33:10 INFO  EpicenterTest:126 - info
2023-01-04 09:33:13 INFO  EpicenterTest:126 - info
2023-01-04 10:25:15 INFO  EpicenterTest:23 - ????? ??????????
2023-01-04 10:25:15 WARN  EpicenterTest:24 - error
2023-01-04 10:26:20 WARN  EpicenterTest:43 - warning
2023-01-04 10:27:00 ERROR EpicenterTest:79 - error
2023-01-04 10:30:20 INFO  EpicenterTest:126 - info
2023-01-04 10:30:22 INFO  EpicenterTest:126 - info
2023-01-04 10:30:24 INFO  EpicenterTest:126 - info
2023-01-04 10:30:27 INFO  EpicenterTest:126 - info
2023-01-04 10:30:29 INFO  EpicenterTest:126 - info
2023-01-04 10:35:28 WARN  EpicenterTest:43 - warning
2023-01-04 10:36:26 INFO  EpicenterTest:126 - info
2023-01-04 10:36:29 INFO  EpicenterTest:126 - info
2023-01-04 10:36:31 INFO  EpicenterTest:126 - info
2023-01-04 10:36:33 INFO  EpicenterTest:126 - info
2023-01-04 10:36:35 INFO  EpicenterTest:126 - info
2023-01-04 12:09:36 INFO  EpicenterTest:23 - ????? ??????????
2023-01-04 12:09:36 WARN  EpicenterTest:24 - error
2023-01-04 12:14:42 INFO  EpicenterTest:23 - ????? ??????????
2023-01-04 12:14:42 WARN  EpicenterTest:24 - error
2023-01-04 12:17:35 INFO  EpicenterTest:23 - Текст информации
2023-01-04 12:17:35 WARN  EpicenterTest:24 - error
2023-01-04 12:20:22 INFO  EpicenterTest:23 - Текст информации
2023-01-04 12:20:22 WARN  EpicenterTest:24 - error
2023-01-04 12:21:55 INFO  EpicenterTest:23 - ????? ??????????
2023-01-04 12:21:55 WARN  EpicenterTest:24 - error
2023-01-04 12:46:30 INFO  EpicenterTest:23 - ????? ??????????
2023-01-04 12:46:30 WARN  EpicenterTest:24 - error
2023-01-04 13:33:59 INFO  EpicenterTest:23 - ????? ??????????
2023-01-04 13:33:59 WARN  EpicenterTest:24 - error
2023-01-04 13:39:31 INFO  EpicenterTest:23 - ????? ??????????
2023-01-04 13:39:31 WARN  EpicenterTest:24 - error
