2023-01-04 08:34:28 INFO  EpicenterTest:23 - Текст информации
2023-01-04 08:34:28 WARN  EpicenterTest:24 - error
2023-01-04 08:40:56 INFO  EpicenterTest:23 - Текст информации
2023-01-04 08:40:56 WARN  EpicenterTest:24 - error
2023-01-04 08:42:52 INFO  EpicenterTest:23 - ????? ??????????
2023-01-04 08:42:52 WARN  EpicenterTest:24 - error
2023-01-04 08:43:22 WARN  EpicenterTest:43 - warning
2023-01-04 08:44:03 ERROR EpicenterTest:79 - error
2023-01-04 08:46:06 INFO  EpicenterTest:126 - info
2023-01-04 08:46:08 INFO  EpicenterTest:126 - info
2023-01-04 08:46:11 INFO  EpicenterTest:126 - info
2023-01-04 08:46:13 INFO  EpicenterTest:126 - info
2023-01-04 08:46:15 INFO  EpicenterTest:126 - info
2023-01-04 09:00:47 INFO  EpicenterTest:126 - info
2023-01-04 09:00:52 INFO  EpicenterTest:126 - info
2023-01-04 09:00:56 INFO  EpicenterTest:126 - info
2023-01-04 09:00:59 INFO  EpicenterTest:126 - info
2023-01-04 09:01:02 INFO  EpicenterTest:126 - info
2023-01-04 09:02:24 INFO  EpicenterTest:126 - info
2023-01-04 09:02:28 INFO  EpicenterTest:126 - info
2023-01-04 09:02:32 INFO  EpicenterTest:126 - info
2023-01-04 09:02:36 INFO  EpicenterTest:126 - info
2023-01-04 09:02:39 INFO  EpicenterTest:126 - info
2023-01-04 09:08:41 INFO  EpicenterTest:126 - info
2023-01-04 09:08:45 INFO  EpicenterTest:126 - info
2023-01-04 09:08:51 INFO  EpicenterTest:126 - info
2023-01-04 09:08:54 INFO  EpicenterTest:126 - info
2023-01-04 09:08:57 INFO  EpicenterTest:126 - info
2023-01-04 09:15:15 INFO  EpicenterTest:126 - info
2023-01-04 09:15:18 INFO  EpicenterTest:126 - info
2023-01-04 09:15:20 INFO  EpicenterTest:126 - info
2023-01-04 09:15:23 INFO  EpicenterTest:126 - info
2023-01-04 09:15:26 INFO  EpicenterTest:126 - info
2023-01-04 09:18:11 INFO  EpicenterTest:23 - ????? ??????????
2023-01-04 09:18:11 WARN  EpicenterTest:24 - error
2023-01-04 09:19:25 WARN  EpicenterTest:43 - warning
2023-01-04 09:20:15 ERROR EpicenterTest:79 - error
2023-01-04 09:21:14 INFO  EpicenterTest:126 - info
2023-01-04 09:21:17 INFO  EpicenterTest:126 - info
2023-01-04 09:21:19 INFO  EpicenterTest:126 - info
2023-01-04 09:21:22 INFO  EpicenterTest:126 - info
2023-01-04 09:21:25 INFO  EpicenterTest:126 - info
2023-01-04 09:29:25 INFO  EpicenterTest:23 - Текст информации
2023-01-04 09:29:25 WARN  EpicenterTest:24 - error
2023-01-04 09:33:02 INFO  EpicenterTest:126 - info
2023-01-04 09:33:04 INFO  EpicenterTest:126 - info
2023-01-04 09:33:07 INFO  EpicenterTest:126 - info
2023-01-04 09:33:10 INFO  EpicenterTest:126 - info
2023-01-04 09:33:13 INFO  EpicenterTest:126 - info
2023-01-04 10:25:15 INFO  EpicenterTest:23 - ????? ??????????
2023-01-04 10:25:15 WARN  EpicenterTest:24 - error
2023-01-04 10:26:20 WARN  EpicenterTest:43 - warning
2023-01-04 10:27:00 ERROR EpicenterTest:79 - error
2023-01-04 10:30:20 INFO  EpicenterTest:126 - info
2023-01-04 10:30:22 INFO  EpicenterTest:126 - info
2023-01-04 10:30:24 INFO  EpicenterTest:126 - info
2023-01-04 10:30:27 INFO  EpicenterTest:126 - info
2023-01-04 10:30:29 INFO  EpicenterTest:126 - info
2023-01-04 10:35:28 WARN  EpicenterTest:43 - warning
2023-01-04 10:36:26 INFO  EpicenterTest:126 - info
2023-01-04 10:36:29 INFO  EpicenterTest:126 - info
2023-01-04 10:36:31 INFO  EpicenterTest:126 - info
2023-01-04 10:36:33 INFO  EpicenterTest:126 - info
2023-01-04 10:36:35 INFO  EpicenterTest:126 - info
2023-01-04 12:09:36 INFO  EpicenterTest:23 - ????? ??????????
2023-01-04 12:09:36 WARN  EpicenterTest:24 - error
2023-01-04 12:14:42 INFO  EpicenterTest:23 - ????? ??????????
2023-01-04 12:14:42 WARN  EpicenterTest:24 - error
2023-01-04 12:17:35 INFO  EpicenterTest:23 - Текст информации
2023-01-04 12:17:35 WARN  EpicenterTest:24 - error
2023-01-04 12:20:22 INFO  EpicenterTest:23 - Текст информации
2023-01-04 12:20:22 WARN  EpicenterTest:24 - error
2023-01-04 12:21:55 INFO  EpicenterTest:23 - ????? ??????????
2023-01-04 12:21:55 WARN  EpicenterTest:24 - error
2023-01-04 12:46:30 INFO  EpicenterTest:23 - ????? ??????????
2023-01-04 12:46:30 WARN  EpicenterTest:24 - error
2023-01-04 13:33:59 INFO  EpicenterTest:23 - ????? ??????????
2023-01-04 13:33:59 WARN  EpicenterTest:24 - error
2023-01-04 13:39:31 INFO  EpicenterTest:23 - ????? ??????????
2023-01-04 13:39:31 WARN  EpicenterTest:24 - error
2023-01-04 14:37:24 INFO  EpicenterTest:23 - ????? ??????????
2023-01-04 14:37:25 WARN  EpicenterTest:24 - error
2023-01-04 15:27:55 INFO  EpicenterTest:21 - ????? ??????????
2023-01-04 15:27:55 WARN  EpicenterTest:22 - error
2023-01-04 15:58:49 INFO  EpicenterTest:21 - ????? ??????????
2023-01-04 15:58:49 WARN  EpicenterTest:22 - error
2023-01-04 21:09:34 INFO  EpicenterTest:21 - ????? ??????????
2023-01-04 21:09:34 WARN  EpicenterTest:22 - error
2023-01-04 21:14:56 INFO  EpicenterTest:21 - ????? ??????????
2023-01-04 21:14:56 WARN  EpicenterTest:22 - error
2023-01-04 21:38:13 INFO  EpicenterTest:22 - ????? ??????????
2023-01-04 21:38:13 WARN  EpicenterTest:23 - error
2023-01-04 21:45:56 INFO  EpicenterTest:24 - ????? ??????????
2023-01-04 21:45:56 WARN  EpicenterTest:25 - error
2023-01-05 10:32:16 INFO  EpicenterTest:24 - ????? ??????????
2023-01-05 10:32:16 WARN  EpicenterTest:25 - error
2023-01-05 10:36:26 INFO  EpicenterTest:24 - ????? ??????????
2023-01-05 10:36:26 WARN  EpicenterTest:25 - error
2023-01-05 10:45:51 INFO  EpicenterTest:24 - ????? ??????????
2023-01-05 10:45:51 WARN  EpicenterTest:25 - error
2023-01-05 10:53:14 INFO  EpicenterTest:24 - ????? ??????????
2023-01-05 10:53:14 WARN  EpicenterTest:25 - error
2023-01-05 10:58:29 INFO  EpicenterTest:24 - ????? ??????????
2023-01-05 10:58:29 WARN  EpicenterTest:25 - error
2023-01-05 12:13:54 INFO  EpicenterTest:24 - ????? ??????????
2023-01-05 12:13:54 WARN  EpicenterTest:25 - error
2023-01-05 12:28:58 INFO  EpicenterTest:25 - ????? ??????????
2023-01-05 12:28:58 WARN  EpicenterTest:26 - error
2023-01-05 12:43:00 INFO  EpicenterTest:25 - ????? ??????????
2023-01-05 12:43:00 WARN  EpicenterTest:26 - error
2023-01-05 12:46:09 INFO  EpicenterTest:25 - ????? ??????????
2023-01-05 12:46:10 WARN  EpicenterTest:26 - error
2023-01-05 13:36:04 INFO  EpicenterTest:25 - ????? ??????????
2023-01-05 13:36:04 WARN  EpicenterTest:26 - error
2023-01-05 13:51:08 INFO  EpicenterTest:25 - ????? ??????????
2023-01-05 13:51:08 WARN  EpicenterTest:26 - error
2023-01-05 13:56:06 INFO  EpicenterTest:25 - ????? ??????????
2023-01-05 13:56:06 WARN  EpicenterTest:26 - error
2023-01-05 14:06:54 INFO  EpicenterTest:25 - ????? ??????????
2023-01-05 14:06:54 WARN  EpicenterTest:26 - error
2023-01-05 14:15:39 INFO  EpicenterTest:25 - ????? ??????????
2023-01-05 14:15:39 WARN  EpicenterTest:26 - error
2023-01-05 14:20:04 INFO  EpicenterTest:25 - ????? ??????????
2023-01-05 14:20:04 WARN  EpicenterTest:26 - error
2023-01-05 14:24:18 INFO  EpicenterTest:25 - ????? ??????????
2023-01-05 14:24:18 WARN  EpicenterTest:26 - error
2023-01-05 14:30:17 INFO  EpicenterTest:25 - ????? ??????????
2023-01-05 14:30:17 WARN  EpicenterTest:26 - error
2023-01-05 15:01:03 INFO  EpicenterTest:29 - ????? ??????????
2023-01-05 15:01:03 WARN  EpicenterTest:30 - error
2023-01-05 15:06:12 INFO  EpicenterTest:29 - ????? ??????????
2023-01-05 15:06:12 WARN  EpicenterTest:30 - error
2023-01-05 15:13:28 INFO  EpicenterTest:29 - ????? ??????????
2023-01-05 15:13:28 WARN  EpicenterTest:30 - error
2023-01-05 15:22:42 INFO  EpicenterTest:29 - Текст информации
2023-01-05 15:22:42 WARN  EpicenterTest:30 - error
2023-01-05 15:26:19 INFO  EpicenterTest:29 - Текст информации
2023-01-05 15:26:19 WARN  EpicenterTest:30 - error
2023-01-05 17:20:39 INFO  EpicenterTest:29 - Текст информации
2023-01-05 17:20:39 WARN  EpicenterTest:30 - error
2023-01-05 17:30:07 INFO  EpicenterTest:29 - Текст информации
2023-01-05 17:30:07 WARN  EpicenterTest:30 - error
2023-01-05 17:31:25 INFO  EpicenterTest:29 - Текст информации
2023-01-05 17:31:25 WARN  EpicenterTest:30 - error
2023-01-05 17:41:23 INFO  EpicenterTest:22 - ????? ??????????
2023-01-05 17:41:23 WARN  EpicenterTest:23 - error
2023-01-05 18:05:04 INFO  EpicenterTest:22 - ????? ??????????
2023-01-05 18:05:04 WARN  EpicenterTest:23 - error
2023-01-05 18:31:37 INFO  EpicenterTest:22 - ????? ??????????
2023-01-05 18:31:37 WARN  EpicenterTest:23 - error
2023-01-05 18:42:36 INFO  EpicenterTest:22 - Текст информации
2023-01-05 18:42:36 WARN  EpicenterTest:23 - error
2023-01-05 18:45:13 INFO  EpicenterTest:22 - Текст информации
2023-01-05 18:45:13 WARN  EpicenterTest:23 - error
2023-01-05 18:51:29 INFO  EpicenterTest:22 - Текст информации
2023-01-05 18:51:29 WARN  EpicenterTest:23 - error
2023-01-05 18:54:27 INFO  EpicenterTest:22 - ????? ??????????
2023-01-05 18:54:27 WARN  EpicenterTest:23 - error
2023-01-05 18:59:54 INFO  EpicenterTest:22 - ????? ??????????
2023-01-05 18:59:54 WARN  EpicenterTest:23 - error
2023-01-05 19:03:42 INFO  EpicenterTest:22 - ????? ??????????
2023-01-05 19:03:42 WARN  EpicenterTest:23 - error
2023-01-05 19:07:05 INFO  EpicenterTest:22 - ????? ??????????
2023-01-05 19:07:05 WARN  EpicenterTest:23 - error
2023-01-05 19:32:18 INFO  EpicenterTest:22 - ????? ??????????
2023-01-05 19:32:18 WARN  EpicenterTest:23 - error
2023-01-05 19:35:11 INFO  EpicenterTest:22 - Текст информации
2023-01-05 19:35:11 WARN  EpicenterTest:23 - error
2023-01-05 20:32:13 INFO  EpicenterTest:22 - ????? ??????????
2023-01-05 20:32:13 WARN  EpicenterTest:23 - error
2023-01-05 20:36:38 INFO  EpicenterTest:22 - ????? ??????????
2023-01-05 20:36:38 WARN  EpicenterTest:23 - error
2023-01-05 20:54:50 INFO  EpicenterTest:22 - ????? ??????????
2023-01-05 20:54:51 WARN  EpicenterTest:23 - error
2023-01-05 21:35:41 INFO  EpicenterTest:22 - ????? ??????????
2023-01-05 21:35:41 WARN  EpicenterTest:23 - error
2023-01-05 21:40:42 INFO  EpicenterTest:22 - ????? ??????????
2023-01-05 21:40:42 WARN  EpicenterTest:23 - error
2023-01-05 21:52:45 INFO  EpicenterTest:22 - ????? ??????????
2023-01-05 21:52:45 WARN  EpicenterTest:23 - error
2023-01-06 11:18:51 INFO  EpicenterTest:22 - ????? ??????????
2023-01-06 11:18:51 WARN  EpicenterTest:23 - error
2023-01-06 11:31:08 INFO  EpicenterTest:22 - ????? ??????????
2023-01-06 11:31:08 WARN  EpicenterTest:23 - error
2023-01-06 11:32:18 INFO  EpicenterTest:22 - ????? ??????????
2023-01-06 11:32:18 WARN  EpicenterTest:23 - error
2023-01-06 11:45:54 INFO  EpicenterTest:22 - ????? ??????????
2023-01-06 11:45:54 WARN  EpicenterTest:23 - error
2023-01-06 11:47:39 INFO  EpicenterTest:22 - ????? ??????????
2023-01-06 11:47:39 WARN  EpicenterTest:23 - error
2023-01-06 11:55:09 INFO  EpicenterTest:22 - ????? ??????????
2023-01-06 11:55:09 WARN  EpicenterTest:23 - error
2023-01-06 12:00:33 INFO  EpicenterTest:24 - ????? ??????????
2023-01-06 12:00:33 WARN  EpicenterTest:25 - error
2023-01-06 12:14:40 INFO  EpicenterTest:24 - ????? ??????????
2023-01-06 12:14:40 WARN  EpicenterTest:25 - error
2023-01-06 12:15:58 INFO  EpicenterTest:24 - ????? ??????????
2023-01-06 12:15:58 WARN  EpicenterTest:25 - error
2023-01-06 13:12:27 INFO  EpicenterTest:24 - Текст информации
2023-01-06 13:12:27 WARN  EpicenterTest:25 - error
2023-01-06 13:13:19 INFO  EpicenterTest:24 - Текст информации
2023-01-06 13:13:19 WARN  EpicenterTest:25 - error
2023-01-06 13:16:51 INFO  EpicenterTest:24 - ????? ??????????
2023-01-06 13:16:51 WARN  EpicenterTest:25 - error
2023-01-06 13:31:27 INFO  EpicenterTest:24 - ????? ??????????
2023-01-06 13:31:27 WARN  EpicenterTest:25 - error
2023-01-06 13:56:55 INFO  EpicenterTest:23 - ????? ??????????
2023-01-06 13:56:55 WARN  EpicenterTest:24 - error
2023-01-06 14:01:45 INFO  EpicenterTest:23 - ????? ??????????
2023-01-06 14:01:45 WARN  EpicenterTest:24 - error
2023-01-06 14:16:13 INFO  EpicenterTest:27 - ????? ??????????
2023-01-06 14:16:13 WARN  EpicenterTest:28 - error
2023-01-06 14:23:29 INFO  EpicenterTest:27 - ????? ??????????
2023-01-06 14:23:29 WARN  EpicenterTest:28 - error
2023-01-06 14:48:53 INFO  EpicenterTest:27 - ????? ??????????
2023-01-06 14:48:53 WARN  EpicenterTest:28 - error
2023-01-06 15:11:30 INFO  EpicenterTest:28 - ????? ??????????
2023-01-06 15:11:30 WARN  EpicenterTest:29 - error
2023-01-06 15:14:55 INFO  EpicenterTest:28 - ????? ??????????
2023-01-06 15:14:55 WARN  EpicenterTest:29 - error
2023-01-06 15:19:46 INFO  EpicenterTest:28 - ????? ??????????
2023-01-06 15:19:46 WARN  EpicenterTest:29 - error
2023-01-06 15:22:42 INFO  EpicenterTest:28 - ????? ??????????
2023-01-06 15:22:42 WARN  EpicenterTest:29 - error
2023-01-06 15:23:41 INFO  EpicenterTest:28 - Текст информации
2023-01-06 15:23:41 WARN  EpicenterTest:29 - error
2023-01-06 15:25:35 INFO  EpicenterTest:28 - ????? ??????????
2023-01-06 15:25:35 WARN  EpicenterTest:29 - error
2023-01-06 15:26:34 INFO  EpicenterTest:28 - Текст информации
2023-01-06 15:26:34 WARN  EpicenterTest:29 - error
2023-01-06 15:30:20 INFO  EpicenterTest:28 - ????? ??????????
2023-01-06 15:30:20 WARN  EpicenterTest:29 - error
2023-01-06 15:31:48 INFO  EpicenterTest:29 - ????? ??????????
2023-01-06 15:31:48 WARN  EpicenterTest:30 - error
2023-01-06 15:33:07 INFO  EpicenterTest:29 - Текст информации
2023-01-06 15:33:07 WARN  EpicenterTest:30 - error
2023-01-06 15:36:30 INFO  EpicenterTest:29 - ????? ??????????
2023-01-06 15:36:30 WARN  EpicenterTest:30 - error
2023-01-06 15:40:30 INFO  EpicenterTest:29 - ????? ??????????
2023-01-06 15:40:30 WARN  EpicenterTest:30 - error
2023-01-06 15:42:48 INFO  EpicenterTest:29 - ????? ??????????
2023-01-06 15:42:48 WARN  EpicenterTest:30 - error
2023-01-06 15:44:51 INFO  EpicenterTest:29 - ????? ??????????
2023-01-06 15:44:51 WARN  EpicenterTest:30 - error
2023-01-06 15:46:03 INFO  EpicenterTest:29 - Текст информации
2023-01-06 15:46:03 WARN  EpicenterTest:30 - error
